# JRE version: OpenJDK Runtime Environment (8.0_242-b01) (build 1.8.0_242-release-1644-b01)
# Java VM: OpenJDK 64-Bit Server VM (25.242-b01 mixed mode windows-amd64 compressed oops)
Heap:
 PSYoungGen      total 251904K, used 208646K [0x00000000d5580000, 0x00000000e7c80000, 0x0000000100000000)
  eden space 226304K, 84% used [0x00000000d5580000,0x00000000e0f81650,0x00000000e3280000)
  from space 25600K, 71% used [0x00000000e3280000,0x00000000e4440500,0x00000000e4b80000)
  to   space 26624K, 0% used [0x00000000e6280000,0x00000000e6280000,0x00000000e7c80000)
 ParOldGen       total 202752K, used 56523K [0x0000000080000000, 0x000000008c600000, 0x00000000d5580000)
  object space 202752K, 27% used [0x0000000080000000,0x0000000083732ca8,0x000000008c600000)
 Metaspace       used 95358K, capacity 99798K, committed 102424K, reserved 1138688K
  class space    used 12707K, capacity 13566K, committed 14128K, reserved 1048576K
GC Heap History (10 events):
Event: 17.768 GC heap before
{Heap before GC invocations=17 (full 3):
 PSYoungGen      total 186880K, used 184160K [0x00000000d5580000, 0x00000000e4100000, 0x0000000100000000)
  eden space 168448K, 100% used [0x00000000d5580000,0x00000000dfa00000,0x00000000dfa00000)
  from space 18432K, 85% used [0x00000000dfa00000,0x00000000e09581e8,0x00000000e0c00000)
  to   space 19968K, 0% used [0x00000000e2d80000,0x00000000e2d80000,0x00000000e4100000)
 ParOldGen       total 134656K, used 31753K [0x0000000080000000, 0x0000000088380000, 0x00000000d5580000)
  object space 134656K, 23% used [0x0000000080000000,0x0000000081f02550,0x0000000088380000)
 Metaspace       used 70546K, capacity 74252K, committed 74392K, reserved 1114112K
  class space    used 9649K, capacity 10375K, committed 10416K, reserved 1048576K
Event: 17.784 GC heap after
Heap after GC invocations=17 (full 3):
 PSYoungGen      total 216576K, used 19946K [0x00000000d5580000, 0x00000000e4380000, 0x0000000100000000)
  eden space 196608K, 0% used [0x00000000d5580000,0x00000000d5580000,0x00000000e1580000)
  from space 19968K, 99% used [0x00000000e2d80000,0x00000000e40fab50,0x00000000e4100000)
  to   space 23552K, 0% used [0x00000000e1580000,0x00000000e1580000,0x00000000e2c80000)
 ParOldGen       total 134656K, used 33615K [0x0000000080000000, 0x0000000088380000, 0x00000000d5580000)
  object space 134656K, 24% used [0x0000000080000000,0x00000000820d3fb8,0x0000000088380000)
 Metaspace       used 70546K, capacity 74252K, committed 74392K, reserved 1114112K
  class space    used 9649K, capacity 10375K, committed 10416K, reserved 1048576K
}
Event: 25.850 GC heap before
{Heap before GC invocations=18 (full 3):
 PSYoungGen      total 216576K, used 216554K [0x00000000d5580000, 0x00000000e4380000, 0x0000000100000000)
  eden space 196608K, 100% used [0x00000000d5580000,0x00000000e1580000,0x00000000e1580000)
  from space 19968K, 99% used [0x00000000e2d80000,0x00000000e40fab50,0x00000000e4100000)
  to   space 23552K, 0% used [0x00000000e1580000,0x00000000e1580000,0x00000000e2c80000)
 ParOldGen       total 134656K, used 33615K [0x0000000080000000, 0x0000000088380000, 0x00000000d5580000)
  object space 134656K, 24% used [0x0000000080000000,0x00000000820d3fb8,0x0000000088380000)
 Metaspace       used 86849K, capacity 92338K, committed 92568K, reserved 1128448K
  class space    used 12015K, capacity 12976K, committed 12976K, reserved 1048576K
Event: 25.884 GC heap after
Heap after GC invocations=18 (full 3):
 PSYoungGen      total 220160K, used 20782K [0x00000000d5580000, 0x00000000e6500000, 0x0000000100000000)
  eden space 196608K, 0% used [0x00000000d5580000,0x00000000d5580000,0x00000000e1580000)
  from space 23552K, 88% used [0x00000000e1580000,0x00000000e29cb858,0x00000000e2c80000)
  to   space 26112K, 0% used [0x00000000e4b80000,0x00000000e4b80000,0x00000000e6500000)
 ParOldGen       total 134656K, used 49074K [0x0000000080000000, 0x0000000088380000, 0x00000000d5580000)
  object space 134656K, 36% used [0x0000000080000000,0x0000000082fec9f0,0x0000000088380000)
 Metaspace       used 86849K, capacity 92338K, committed 92568K, reserved 1128448K
  class space    used 12015K, capacity 12976K, committed 12976K, reserved 1048576K
}
Event: 27.196 GC heap before
{Heap before GC invocations=19 (full 3):
 PSYoungGen      total 220160K, used 112768K [0x00000000d5580000, 0x00000000e6500000, 0x0000000100000000)
  eden space 196608K, 46% used [0x00000000d5580000,0x00000000daf54930,0x00000000e1580000)
  from space 23552K, 88% used [0x00000000e1580000,0x00000000e29cb858,0x00000000e2c80000)
  to   space 26112K, 0% used [0x00000000e4b80000,0x00000000e4b80000,0x00000000e6500000)
 ParOldGen       total 134656K, used 49074K [0x0000000080000000, 0x0000000088380000, 0x00000000d5580000)
  object space 134656K, 36% used [0x0000000080000000,0x0000000082fec9f0,0x0000000088380000)
 Metaspace       used 92525K, capacity 98518K, committed 98600K, reserved 1134592K
  class space    used 12882K, capacity 13932K, committed 14000K, reserved 1048576K
Event: 27.218 GC heap after
Heap after GC invocations=19 (full 3):
 PSYoungGen      total 252416K, used 14010K [0x00000000d5580000, 0x00000000e6880000, 0x0000000100000000)
  eden space 226304K, 0% used [0x00000000d5580000,0x00000000d5580000,0x00000000e3280000)
  from space 26112K, 53% used [0x00000000e4b80000,0x00000000e592e820,0x00000000e6500000)
  to   space 25600K, 0% used [0x00000000e3280000,0x00000000e3280000,0x00000000e4b80000)
 ParOldGen       total 134656K, used 49082K [0x0000000080000000, 0x0000000088380000, 0x00000000d5580000)
  object space 134656K, 36% used [0x0000000080000000,0x0000000082fee9f0,0x0000000088380000)
 Metaspace       used 92525K, capacity 98518K, committed 98600K, reserved 1134592K
  class space    used 12882K, capacity 13932K, committed 14000K, reserved 1048576K
}
Event: 27.218 GC heap before
{Heap before GC invocations=20 (full 4):
 PSYoungGen      total 252416K, used 14010K [0x00000000d5580000, 0x00000000e6880000, 0x0000000100000000)
  eden space 226304K, 0% used [0x00000000d5580000,0x00000000d5580000,0x00000000e3280000)
  from space 26112K, 53% used [0x00000000e4b80000,0x00000000e592e820,0x00000000e6500000)
  to   space 25600K, 0% used [0x00000000e3280000,0x00000000e3280000,0x00000000e4b80000)
 ParOldGen       total 134656K, used 49082K [0x0000000080000000, 0x0000000088380000, 0x00000000d5580000)
  object space 134656K, 36% used [0x0000000080000000,0x0000000082fee9f0,0x0000000088380000)
 Metaspace       used 92525K, capacity 98518K, committed 98600K, reserved 1134592K
  class space    used 12882K, capacity 13932K, committed 14000K, reserved 1048576K
Event: 27.512 GC heap after
Heap after GC invocations=20 (full 4):
 PSYoungGen      total 252416K, used 0K [0x00000000d5580000, 0x00000000e6880000, 0x0000000100000000)
  eden space 226304K, 0% used [0x00000000d5580000,0x00000000d5580000,0x00000000e3280000)
  from space 26112K, 0% used [0x00000000e4b80000,0x00000000e4b80000,0x00000000e6500000)
  to   space 25600K, 0% used [0x00000000e3280000,0x00000000e3280000,0x00000000e4b80000)
 ParOldGen       total 202752K, used 56515K [0x0000000080000000, 0x000000008c600000, 0x00000000d5580000)
  object space 202752K, 27% used [0x0000000080000000,0x0000000083730ca8,0x000000008c600000)
 Metaspace       used 91486K, capacity 95582K, committed 98600K, reserved 1134592K
  class space    used 12534K, capacity 13320K, committed 14000K, reserved 1048576K
}
Event: 127.474 GC heap before
{Heap before GC invocations=21 (full 4):
 PSYoungGen      total 252416K, used 226290K [0x00000000d5580000, 0x00000000e6880000, 0x0000000100000000)
  eden space 226304K, 99% used [0x00000000d5580000,0x00000000e327c928,0x00000000e3280000)
  from space 26112K, 0% used [0x00000000e4b80000,0x00000000e4b80000,0x00000000e6500000)
  to   space 25600K, 0% used [0x00000000e3280000,0x00000000e3280000,0x00000000e4b80000)
 ParOldGen       total 202752K, used 56515K [0x0000000080000000, 0x000000008c600000, 0x00000000d5580000)
  object space 202752K, 27% used [0x0000000080000000,0x0000000083730ca8,0x000000008c600000)
 Metaspace       used 94390K, capacity 98570K, committed 101400K, reserved 1136640K
  class space    used 12669K, capacity 13506K, committed 14128K, reserved 1048576K
Event: 127.491 GC heap after
Heap after GC invocations=21 (full 4):
 PSYoungGen      total 251904K, used 18177K [0x00000000d5580000, 0x00000000e7c80000, 0x0000000100000000)
  eden space 226304K, 0% used [0x00000000d5580000,0x00000000d5580000,0x00000000e3280000)
  from space 25600K, 71% used [0x00000000e3280000,0x00000000e4440500,0x00000000e4b80000)
  to   space 26624K, 0% used [0x00000000e6280000,0x00000000e6280000,0x00000000e7c80000)
 ParOldGen       total 202752K, used 56523K [0x0000000080000000, 0x000000008c600000, 0x00000000d5580000)
  object space 202752K, 27% used [0x0000000080000000,0x0000000083732ca8,0x000000008c600000)
 Metaspace       used 94390K, capacity 98570K, committed 101400K, reserved 1136640K
  class space    used 12669K, capacity 13506K, committed 14128K, reserved 1048576K
}

