# JRE version: OpenJDK Runtime Environment (8.0_242-b01) (build 1.8.0_242-release-1644-b01)
# Java VM: OpenJDK 64-Bit Server VM (25.242-b01 mixed mode windows-amd64 compressed oops)
Heap:
 PSYoungGen      total 624128K, used 386120K [0x00000000d5580000, 0x00000000ff300000, 0x0000000100000000)
  eden space 600576K, 60% used [0x00000000d5580000,0x00000000eb7cdc40,0x00000000fa000000)
  from space 23552K, 98% used [0x00000000fdc00000,0x00000000ff2c45d8,0x00000000ff300000)
  to   space 37888K, 0% used [0x00000000fa900000,0x00000000fa900000,0x00000000fce00000)
 ParOldGen       total 247296K, used 105927K [0x0000000080000000, 0x000000008f180000, 0x00000000d5580000)
  object space 247296K, 42% used [0x0000000080000000,0x0000000086771cf8,0x000000008f180000)
 Metaspace       used 100875K, capacity 107426K, committed 107672K, reserved 1142784K
  class space    used 13113K, capacity 14220K, committed 14256K, reserved 1048576K
GC Heap History (10 events):
Event: 18.138 GC heap before
{Heap before GC invocations=30 (full 4):
 PSYoungGen      total 543232K, used 516310K [0x00000000d5580000, 0x00000000fcb80000, 0x0000000100000000)
  eden space 510976K, 100% used [0x00000000d5580000,0x00000000f4880000,0x00000000f4880000)
  from space 32256K, 16% used [0x00000000f4880000,0x00000000f4db5800,0x00000000f6800000)
  to   space 31232K, 0% used [0x00000000fad00000,0x00000000fad00000,0x00000000fcb80000)
 ParOldGen       total 247296K, used 105895K [0x0000000080000000, 0x000000008f180000, 0x00000000d5580000)
  object space 247296K, 42% used [0x0000000080000000,0x0000000086769cf8,0x000000008f180000)
 Metaspace       used 79543K, capacity 83344K, committed 86936K, reserved 1124352K
  class space    used 10749K, capacity 11461K, committed 12208K, reserved 1048576K
Event: 18.150 GC heap after
Heap after GC invocations=30 (full 4):
 PSYoungGen      total 597504K, used 10098K [0x00000000d5580000, 0x00000000fc200000, 0x0000000100000000)
  eden space 576000K, 0% used [0x00000000d5580000,0x00000000d5580000,0x00000000f8800000)
  from space 21504K, 46% used [0x00000000fad00000,0x00000000fb6dcbd0,0x00000000fc200000)
  to   space 29696K, 0% used [0x00000000f8800000,0x00000000f8800000,0x00000000fa500000)
 ParOldGen       total 247296K, used 105895K [0x0000000080000000, 0x000000008f180000, 0x00000000d5580000)
  object space 247296K, 42% used [0x0000000080000000,0x0000000086769cf8,0x000000008f180000)
 Metaspace       used 79543K, capacity 83344K, committed 86936K, reserved 1124352K
  class space    used 10749K, capacity 11461K, committed 12208K, reserved 1048576K
}
Event: 94.235 GC heap before
{Heap before GC invocations=31 (full 4):
 PSYoungGen      total 597504K, used 586098K [0x00000000d5580000, 0x00000000fc200000, 0x0000000100000000)
  eden space 576000K, 100% used [0x00000000d5580000,0x00000000f8800000,0x00000000f8800000)
  from space 21504K, 46% used [0x00000000fad00000,0x00000000fb6dcbd0,0x00000000fc200000)
  to   space 29696K, 0% used [0x00000000f8800000,0x00000000f8800000,0x00000000fa500000)
 ParOldGen       total 247296K, used 105895K [0x0000000080000000, 0x000000008f180000, 0x00000000d5580000)
  object space 247296K, 42% used [0x0000000080000000,0x0000000086769cf8,0x000000008f180000)
 Metaspace       used 87012K, capacity 91232K, committed 93848K, reserved 1130496K
  class space    used 11592K, capacity 12377K, committed 12976K, reserved 1048576K
Event: 94.263 GC heap after
Heap after GC invocations=31 (full 4):
 PSYoungGen      total 605696K, used 24964K [0x00000000d5580000, 0x0000000100000000, 0x0000000100000000)
  eden space 576000K, 0% used [0x00000000d5580000,0x00000000d5580000,0x00000000f8800000)
  from space 29696K, 84% used [0x00000000f8800000,0x00000000fa061138,0x00000000fa500000)
  to   space 32768K, 0% used [0x00000000fe000000,0x00000000fe000000,0x0000000100000000)
 ParOldGen       total 247296K, used 105903K [0x0000000080000000, 0x000000008f180000, 0x00000000d5580000)
  object space 247296K, 42% used [0x0000000080000000,0x000000008676bcf8,0x000000008f180000)
 Metaspace       used 87012K, capacity 91232K, committed 93848K, reserved 1130496K
  class space    used 11592K, capacity 12377K, committed 12976K, reserved 1048576K
}
Event: 381.317 GC heap before
{Heap before GC invocations=32 (full 4):
 PSYoungGen      total 605696K, used 600964K [0x00000000d5580000, 0x0000000100000000, 0x0000000100000000)
  eden space 576000K, 100% used [0x00000000d5580000,0x00000000f8800000,0x00000000f8800000)
  from space 29696K, 84% used [0x00000000f8800000,0x00000000fa061138,0x00000000fa500000)
  to   space 32768K, 0% used [0x00000000fe000000,0x00000000fe000000,0x0000000100000000)
 ParOldGen       total 247296K, used 105903K [0x0000000080000000, 0x000000008f180000, 0x00000000d5580000)
  object space 247296K, 42% used [0x0000000080000000,0x000000008676bcf8,0x000000008f180000)
 Metaspace       used 92943K, capacity 97794K, committed 99224K, reserved 1134592K
  class space    used 12178K, capacity 13050K, committed 13488K, reserved 1048576K
Event: 381.342 GC heap after
Heap after GC invocations=32 (full 4):
 PSYoungGen      total 657920K, used 24853K [0x00000000d5580000, 0x00000000ffe80000, 0x0000000100000000)
  eden space 626688K, 0% used [0x00000000d5580000,0x00000000d5580000,0x00000000fb980000)
  from space 31232K, 79% used [0x00000000fe000000,0x00000000ff845780,0x00000000ffe80000)
  to   space 35328K, 0% used [0x00000000fb980000,0x00000000fb980000,0x00000000fdc00000)
 ParOldGen       total 247296K, used 105911K [0x0000000080000000, 0x000000008f180000, 0x00000000d5580000)
  object space 247296K, 42% used [0x0000000080000000,0x000000008676dcf8,0x000000008f180000)
 Metaspace       used 92943K, capacity 97794K, committed 99224K, reserved 1134592K
  class space    used 12178K, capacity 13050K, committed 13488K, reserved 1048576K
}
Event: 706.433 GC heap before
{Heap before GC invocations=33 (full 4):
 PSYoungGen      total 657920K, used 651541K [0x00000000d5580000, 0x00000000ffe80000, 0x0000000100000000)
  eden space 626688K, 100% used [0x00000000d5580000,0x00000000fb980000,0x00000000fb980000)
  from space 31232K, 79% used [0x00000000fe000000,0x00000000ff845780,0x00000000ffe80000)
  to   space 35328K, 0% used [0x00000000fb980000,0x00000000fb980000,0x00000000fdc00000)
 ParOldGen       total 247296K, used 105911K [0x0000000080000000, 0x000000008f180000, 0x00000000d5580000)
  object space 247296K, 42% used [0x0000000080000000,0x000000008676dcf8,0x000000008f180000)
 Metaspace       used 94961K, capacity 101310K, committed 101528K, reserved 1136640K
  class space    used 12414K, capacity 13484K, committed 13488K, reserved 1048576K
Event: 706.454 GC heap after
Heap after GC invocations=33 (full 4):
 PSYoungGen      total 662016K, used 22626K [0x00000000d5580000, 0x0000000100000000, 0x0000000100000000)
  eden space 626688K, 0% used [0x00000000d5580000,0x00000000d5580000,0x00000000fb980000)
  from space 35328K, 64% used [0x00000000fb980000,0x00000000fcf98be8,0x00000000fdc00000)
  to   space 36864K, 0% used [0x00000000fdc00000,0x00000000fdc00000,0x0000000100000000)
 ParOldGen       total 247296K, used 105919K [0x0000000080000000, 0x000000008f180000, 0x00000000d5580000)
  object space 247296K, 42% used [0x0000000080000000,0x000000008676fcf8,0x000000008f180000)
 Metaspace       used 94961K, capacity 101310K, committed 101528K, reserved 1136640K
  class space    used 12414K, capacity 13484K, committed 13488K, reserved 1048576K
}
Event: 1278.715 GC heap before
{Heap before GC invocations=34 (full 4):
 PSYoungGen      total 662016K, used 649314K [0x00000000d5580000, 0x0000000100000000, 0x0000000100000000)
  eden space 626688K, 100% used [0x00000000d5580000,0x00000000fb980000,0x00000000fb980000)
  from space 35328K, 64% used [0x00000000fb980000,0x00000000fcf98be8,0x00000000fdc00000)
  to   space 36864K, 0% used [0x00000000fdc00000,0x00000000fdc00000,0x0000000100000000)
 ParOldGen       total 247296K, used 105919K [0x0000000080000000, 0x000000008f180000, 0x00000000d5580000)
  object space 247296K, 42% used [0x0000000080000000,0x000000008676fcf8,0x000000008f180000)
 Metaspace       used 95594K, capacity 101988K, committed 102168K, reserved 1138688K
  class space    used 12430K, capacity 13499K, committed 13616K, reserved 1048576K
Event: 1278.737 GC heap after
Heap after GC invocations=34 (full 4):
 PSYoungGen      total 624128K, used 23313K [0x00000000d5580000, 0x00000000ff300000, 0x0000000100000000)
  eden space 600576K, 0% used [0x00000000d5580000,0x00000000d5580000,0x00000000fa000000)
  from space 23552K, 98% used [0x00000000fdc00000,0x00000000ff2c45d8,0x00000000ff300000)
  to   space 37888K, 0% used [0x00000000fa900000,0x00000000fa900000,0x00000000fce00000)
 ParOldGen       total 247296K, used 105927K [0x0000000080000000, 0x000000008f180000, 0x00000000d5580000)
  object space 247296K, 42% used [0x0000000080000000,0x0000000086771cf8,0x000000008f180000)
 Metaspace       used 95594K, capacity 101988K, committed 102168K, reserved 1138688K
  class space    used 12430K, capacity 13499K, committed 13616K, reserved 1048576K
}

